0 info it worked if it ends with ok
1 verbose cli [ '/Users/jakkiraju/.nvm/versions/node/v7.7.2/bin/node',
1 verbose cli   '/Users/jakkiraju/.nvm/versions/node/v7.7.2/bin/npm',
1 verbose cli   'install',
1 verbose cli   'react-router-dom' ]
2 info using npm@4.1.2
3 info using node@v7.7.2
4 silly loadCurrentTree Starting
5 silly install loadCurrentTree
6 silly install readLocalPackageData
7 silly fetchPackageMetaData react-router-dom@next
8 silly fetchNamedPackageData react-router-dom
9 silly mapToRegistry name react-router-dom
10 silly mapToRegistry using default registry
11 silly mapToRegistry registry https://registry.npmjs.org/
12 silly mapToRegistry data Result {
12 silly mapToRegistry   raw: 'react-router-dom',
12 silly mapToRegistry   scope: null,
12 silly mapToRegistry   escapedName: 'react-router-dom',
12 silly mapToRegistry   name: 'react-router-dom',
12 silly mapToRegistry   rawSpec: '',
12 silly mapToRegistry   spec: 'latest',
12 silly mapToRegistry   type: 'tag' }
13 silly mapToRegistry uri https://registry.npmjs.org/react-router-dom
14 verbose request uri https://registry.npmjs.org/react-router-dom
15 verbose request no auth needed
16 info attempt registry request try #1 at 12:16:12 PM
17 verbose request id 15ea1ec598e0c684
18 verbose etag W/"59391dcd-7e93"
19 verbose lastModified Thu, 08 Jun 2017 09:50:05 GMT
20 http request GET https://registry.npmjs.org/react-router-dom
21 http 304 https://registry.npmjs.org/react-router-dom
22 verbose headers { date: 'Sun, 25 Jun 2017 19:16:09 GMT',
22 verbose headers   via: '1.1 varnish',
22 verbose headers   'cache-control': 'max-age=300',
22 verbose headers   etag: 'W/"59391dcd-7e93"',
22 verbose headers   age: '31',
22 verbose headers   connection: 'keep-alive',
22 verbose headers   'x-served-by': 'cache-sjc3124-SJC',
22 verbose headers   'x-cache': 'HIT',
22 verbose headers   'x-cache-hits': '1',
22 verbose headers   'x-timer': 'S1498418170.978641,VS0,VE1',
22 verbose headers   vary: 'Accept-Encoding' }
23 silly get cb [ 304,
23 silly get   { date: 'Sun, 25 Jun 2017 19:16:09 GMT',
23 silly get     via: '1.1 varnish',
23 silly get     'cache-control': 'max-age=300',
23 silly get     etag: 'W/"59391dcd-7e93"',
23 silly get     age: '31',
23 silly get     connection: 'keep-alive',
23 silly get     'x-served-by': 'cache-sjc3124-SJC',
23 silly get     'x-cache': 'HIT',
23 silly get     'x-cache-hits': '1',
23 silly get     'x-timer': 'S1498418170.978641,VS0,VE1',
23 silly get     vary: 'Accept-Encoding' } ]
24 verbose etag https://registry.npmjs.org/react-router-dom from cache
25 verbose get saving react-router-dom to /Users/jakkiraju/.npm/registry.npmjs.org/react-router-dom/.cache.json
26 verbose correctMkdir /Users/jakkiraju/.npm correctMkdir not in flight; initializing
27 silly fetchNamedPackageData No valid target from cache, forcing network
28 verbose request uri https://registry.npmjs.org/react-router-dom
29 verbose request no auth needed
30 info attempt registry request try #1 at 12:16:12 PM
31 http request GET https://registry.npmjs.org/react-router-dom
32 http 200 https://registry.npmjs.org/react-router-dom
33 verbose headers { server: 'nginx/1.10.3',
33 verbose headers   'content-type': 'application/json',
33 verbose headers   'last-modified': 'Thu, 08 Jun 2017 09:50:05 GMT',
33 verbose headers   etag: 'W/"59391dcd-7e93"',
33 verbose headers   'content-encoding': 'gzip',
33 verbose headers   'cache-control': 'max-age=300',
33 verbose headers   'content-length': '3365',
33 verbose headers   'accept-ranges': 'bytes',
33 verbose headers   date: 'Sun, 25 Jun 2017 19:16:10 GMT',
33 verbose headers   via: '1.1 varnish',
33 verbose headers   age: '31',
33 verbose headers   connection: 'keep-alive',
33 verbose headers   'x-served-by': 'cache-sjc3124-SJC',
33 verbose headers   'x-cache': 'HIT',
33 verbose headers   'x-cache-hits': '2',
33 verbose headers   'x-timer': 'S1498418170.005309,VS0,VE0',
33 verbose headers   vary: 'Accept-Encoding' }
34 silly get cb [ 200,
34 silly get   { server: 'nginx/1.10.3',
34 silly get     'content-type': 'application/json',
34 silly get     'last-modified': 'Thu, 08 Jun 2017 09:50:05 GMT',
34 silly get     etag: 'W/"59391dcd-7e93"',
34 silly get     'content-encoding': 'gzip',
34 silly get     'cache-control': 'max-age=300',
34 silly get     'content-length': '3365',
34 silly get     'accept-ranges': 'bytes',
34 silly get     date: 'Sun, 25 Jun 2017 19:16:10 GMT',
34 silly get     via: '1.1 varnish',
34 silly get     age: '31',
34 silly get     connection: 'keep-alive',
34 silly get     'x-served-by': 'cache-sjc3124-SJC',
34 silly get     'x-cache': 'HIT',
34 silly get     'x-cache-hits': '2',
34 silly get     'x-timer': 'S1498418170.005309,VS0,VE0',
34 silly get     vary: 'Accept-Encoding' } ]
35 verbose get saving react-router-dom to /Users/jakkiraju/.npm/registry.npmjs.org/react-router-dom/.cache.json
36 verbose correctMkdir /Users/jakkiraju/.npm correctMkdir not in flight; initializing
37 silly fetchPackageMetaData Error: No compatible version found: react-router-dom@next
37 silly fetchPackageMetaData Valid install targets:
37 silly fetchPackageMetaData 0.0.0, 4.0.0-beta.1, 4.0.0-beta.2, 4.0.0-beta.3, 4.0.0-beta.4, 4.0.0-beta.5, 4.0.0-beta.6, 4.0.0-beta.7, 4.0.0-beta.8, 4.0.0, 4.1.0, 4.1.1
37 silly fetchPackageMetaData
37 silly fetchPackageMetaData     at pickVersionFromRegistryDocument (/Users/jakkiraju/.nvm/versions/node/v7.7.2/lib/node_modules/npm/lib/fetch-package-metadata.js:158:16)
37 silly fetchPackageMetaData     at /Users/jakkiraju/.nvm/versions/node/v7.7.2/lib/node_modules/npm/node_modules/iferr/index.js:13:50
37 silly fetchPackageMetaData     at /Users/jakkiraju/.nvm/versions/node/v7.7.2/lib/node_modules/npm/lib/utils/pulse-till-done.js:20:8
37 silly fetchPackageMetaData     at saved (/Users/jakkiraju/.nvm/versions/node/v7.7.2/lib/node_modules/npm/lib/cache/caching-client.js:174:7)
37 silly fetchPackageMetaData     at /Users/jakkiraju/.nvm/versions/node/v7.7.2/lib/node_modules/npm/node_modules/graceful-fs/polyfills.js:261:18
37 silly fetchPackageMetaData     at FSReqWrap.oncomplete (fs.js:114:15)
37 silly fetchPackageMetaData  error for react-router-dom@next { Error: No compatible version found: react-router-dom@next
37 silly fetchPackageMetaData Valid install targets:
37 silly fetchPackageMetaData 0.0.0, 4.0.0-beta.1, 4.0.0-beta.2, 4.0.0-beta.3, 4.0.0-beta.4, 4.0.0-beta.5, 4.0.0-beta.6, 4.0.0-beta.7, 4.0.0-beta.8, 4.0.0, 4.1.0, 4.1.1
37 silly fetchPackageMetaData
37 silly fetchPackageMetaData     at pickVersionFromRegistryDocument (/Users/jakkiraju/.nvm/versions/node/v7.7.2/lib/node_modules/npm/lib/fetch-package-metadata.js:158:16)
37 silly fetchPackageMetaData     at /Users/jakkiraju/.nvm/versions/node/v7.7.2/lib/node_modules/npm/node_modules/iferr/index.js:13:50
37 silly fetchPackageMetaData     at /Users/jakkiraju/.nvm/versions/node/v7.7.2/lib/node_modules/npm/lib/utils/pulse-till-done.js:20:8
37 silly fetchPackageMetaData     at saved (/Users/jakkiraju/.nvm/versions/node/v7.7.2/lib/node_modules/npm/lib/cache/caching-client.js:174:7)
37 silly fetchPackageMetaData     at /Users/jakkiraju/.nvm/versions/node/v7.7.2/lib/node_modules/npm/node_modules/graceful-fs/polyfills.js:261:18
37 silly fetchPackageMetaData     at FSReqWrap.oncomplete (fs.js:114:15) code: 'ETARGET' }
38 silly rollbackFailedOptional Starting
39 silly rollbackFailedOptional Finishing
40 silly runTopLevelLifecycles Finishing
41 silly install printInstalled
42 verbose stack Error: No compatible version found: react-router-dom@next
42 verbose stack Valid install targets:
42 verbose stack 0.0.0, 4.0.0-beta.1, 4.0.0-beta.2, 4.0.0-beta.3, 4.0.0-beta.4, 4.0.0-beta.5, 4.0.0-beta.6, 4.0.0-beta.7, 4.0.0-beta.8, 4.0.0, 4.1.0, 4.1.1
42 verbose stack
42 verbose stack     at pickVersionFromRegistryDocument (/Users/jakkiraju/.nvm/versions/node/v7.7.2/lib/node_modules/npm/lib/fetch-package-metadata.js:158:16)
42 verbose stack     at /Users/jakkiraju/.nvm/versions/node/v7.7.2/lib/node_modules/npm/node_modules/iferr/index.js:13:50
42 verbose stack     at /Users/jakkiraju/.nvm/versions/node/v7.7.2/lib/node_modules/npm/lib/utils/pulse-till-done.js:20:8
42 verbose stack     at saved (/Users/jakkiraju/.nvm/versions/node/v7.7.2/lib/node_modules/npm/lib/cache/caching-client.js:174:7)
42 verbose stack     at /Users/jakkiraju/.nvm/versions/node/v7.7.2/lib/node_modules/npm/node_modules/graceful-fs/polyfills.js:261:18
42 verbose stack     at FSReqWrap.oncomplete (fs.js:114:15)
43 verbose cwd /Users/jakkiraju/Desktop/sss
44 error Darwin 16.6.0
45 error argv "/Users/jakkiraju/.nvm/versions/node/v7.7.2/bin/node" "/Users/jakkiraju/.nvm/versions/node/v7.7.2/bin/npm" "install" "react-router-dom"
46 error node v7.7.2
47 error npm  v4.1.2
48 error code ETARGET
49 error notarget No compatible version found: react-router-dom@next
49 error notarget Valid install targets:
49 error notarget 0.0.0, 4.0.0-beta.1, 4.0.0-beta.2, 4.0.0-beta.3, 4.0.0-beta.4, 4.0.0-beta.5, 4.0.0-beta.6, 4.0.0-beta.7, 4.0.0-beta.8, 4.0.0, 4.1.0, 4.1.1
50 error notarget This is most likely not a problem with npm itself.
50 error notarget In most cases you or one of your dependencies are requesting
50 error notarget a package version that doesn't exist.
51 verbose exit [ 1, true ]
